<?xml version="1.0" encoding="UTF-8"?>
<testsuites name="jest tests" tests="3" failures="0" errors="0" time="1.033">
  <testsuite name="EvolvClient" errors="0" failures="0" skipped="0" timestamp="2022-06-23T20:50:57" time="0.781" tests="3">
    <testcase classname="EvolvClient should start the client" name="EvolvClient should start the client" time="0.002">
    </testcase>
    <testcase classname="EvolvClient should suscribe to key" name="EvolvClient should suscribe to key" time="0.001">
    </testcase>
    <testcase classname="EvolvClient should emit" name="EvolvClient should emit" time="0">
    </testcase>
  </testsuite>
</testsuites>